<?xml version="1.0" encoding="UTF-8"?>
<!-- Generated by org.testng.reporters.JUnitXMLReporter -->
<testsuite hostname="Balajis-MacBook-Air.local" ignored="0" name="Default test" tests="4" failures="0" timestamp="30 Nov 2022 21:24:27 GMT" time="17.714" errors="0">
  <testcase name="testLoginPageTitle" time="4.322" classname="com.acti.testcase.LoginPagesTests"/>
  <testcase name="testActiImageIsDisplayed" time="3.564" classname="com.acti.testcase.LoginPagesTests"/>
  <testcase name="testForgotpasswordIsDisplayed" time="3.758" classname="com.acti.testcase.LoginPagesTests"/>
  <testcase name="testLoginFunction" time="6.024" classname="com.acti.testcase.LoginPagesTests"/>
</testsuite> <!-- Default test -->
