<?xml version="1.0" encoding="UTF-8"?>
<testng-results ignored="0" total="1" passed="1" failed="0" skipped="0">
  <reporter-output>
  </reporter-output>
  <suite started-at="2022-12-14T00:41:58Z" name="Default suite" finished-at="2022-12-14T00:42:09Z" duration-ms="11721">
    <groups>
    </groups>
    <test started-at="2022-12-14T00:41:58Z" name="Default test" finished-at="2022-12-14T00:42:09Z" duration-ms="11721">
      <class name="com.acti.testcase.TaskPageTests">
        <test-method is-config="true" signature="setup()[pri:0, instance:com.acti.testcase.TaskPageTests@58ce9668]" started-at="2022-12-14T00:41:58Z" name="setup" finished-at="2022-12-14T00:42:03Z" duration-ms="5039" status="PASS">
          <reporter-output>
          </reporter-output>
        </test-method> <!-- setup -->
        <test-method signature="testCreateCustomer(java.lang.String, java.lang.String)[pri:0, instance:com.acti.testcase.TaskPageTests@58ce9668]" started-at="2022-12-14T00:42:03Z" name="testCreateCustomer" data-provider="actilogin" finished-at="2022-12-14T00:42:09Z" duration-ms="5614" status="PASS">
          <params>
            <param index="0">
              <value>
                <![CDATA[admin]]>
              </value>
            </param>
            <param index="1">
              <value>
                <![CDATA[manager]]>
              </value>
            </param>
          </params>
          <reporter-output>
          </reporter-output>
        </test-method> <!-- testCreateCustomer -->
        <test-method is-config="true" signature="teardown()[pri:0, instance:com.acti.testcase.TaskPageTests@58ce9668]" started-at="2022-12-14T00:42:09Z" name="teardown" finished-at="2022-12-14T00:42:09Z" duration-ms="208" status="PASS">
          <reporter-output>
          </reporter-output>
        </test-method> <!-- teardown -->
      </class> <!-- com.acti.testcase.TaskPageTests -->
    </test> <!-- Default test -->
  </suite> <!-- Default suite -->
</testng-results>
